<?xml version="1.0" encoding="UTF-8"?>
<!-- Generated by org.testng.reporters.JUnitXMLReporter -->
<testsuite ignored="3" hostname="DESKTOP-RFQMCP3" failures="0" tests="1" name="Default test" time="8.863" errors="0" timestamp="2023-11-14T12:03:59 IST">
  <testcase classname="com.opencart.qa.testcases.Register" name="verifyregisterwithsameemail" time="1.057"/>
  <testcase classname="com.opencart.qa.testcases.Register" name="verifyregisterwithmandatoryfield" time="0.0">
    <ignored/>
  </testcase> <!-- verifyregisterwithmandatoryfield -->
  <testcase classname="com.opencart.qa.testcases.Register" name="verifyregisterwithoutdetails" time="0.0">
    <ignored/>
  </testcase> <!-- verifyregisterwithoutdetails -->
  <testcase classname="com.opencart.qa.testcases.Register" name="verifyregisterwithallfield" time="0.0">
    <ignored/>
  </testcase> <!-- verifyregisterwithallfield -->
</testsuite> <!-- Default test -->
