<?xml version="1.0" encoding="UTF-8"?>
<!-- Generated by org.testng.reporters.JUnitXMLReporter -->
<testsuite ignored="0" hostname="DESKTOP-RFQMCP3" failures="0" tests="14" name="Test" time="133.122" errors="0" timestamp="2023-12-25T11:32:51 IST">
  <testcase classname="com.opencart.qa.testcases.RegisterTest" name="verifyregisterwithmandatoryfield" time="2.336"/>
  <testcase classname="com.opencart.qa.testcases.RegisterTest" name="verifyregisterwithallfield" time="2.114"/>
  <testcase classname="com.opencart.qa.testcases.RegisterTest" name="verifyregisterwithsameemail" time="1.675"/>
  <testcase classname="com.opencart.qa.testcases.RegisterTest" name="verifyregisterwithoutdetails" time="0.826"/>
  <testcase classname="com.opencart.qa.testcases.LoginTest" name="verifylogin" time="1.419"/>
  <testcase classname="com.opencart.qa.testcases.LoginTest" name="verifylogin" time="1.204"/>
  <testcase classname="com.opencart.qa.testcases.LoginTest" name="verifylogin" time="1.189"/>
  <testcase classname="com.opencart.qa.testcases.LoginTest" name="verifyloginwithinvalid" time="0.998"/>
  <testcase classname="com.opencart.qa.testcases.LoginTest" name="verifyloginwithinvalidemaiandvalidpass" time="1.451"/>
  <testcase classname="com.opencart.qa.testcases.LoginTest" name="verifylofinwithvalidemaiandinvalidpass" time="1.063"/>
  <testcase classname="com.opencart.qa.testcases.LoginTest" name="verifylofinwithoutcredentials" time="0.639"/>
  <testcase classname="com.opencart.qa.testcases.SearchTest" name="verifysearchwithvalidproduct" time="1.03"/>
  <testcase classname="com.opencart.qa.testcases.SearchTest" name="verifysearchwithINvalidproduct" time="0.839"/>
  <testcase classname="com.opencart.qa.testcases.SearchTest" name="verifysearchwithoutanyproduct" time="2.78"/>
</testsuite> <!-- Test -->
