<?xml version="1.0" encoding="UTF-8"?>
<testng-results ignored="0" total="14" passed="14" failed="0" skipped="0">
  <reporter-output>
  </reporter-output>
  <suite started-at="2023-12-25T11:30:34 IST" name="Suite" finished-at="2023-12-25T11:32:47 IST" duration-ms="133122">
    <groups>
    </groups>
    <test started-at="2023-12-25T11:30:34 IST" name="Test" finished-at="2023-12-25T11:32:47 IST" duration-ms="133122">
      <class name="com.opencart.qa.testcases.RegisterTest">
        <test-method is-config="true" signature="setup()[pri:0, instance:com.opencart.qa.testcases.RegisterTest@409bf450]" started-at="2023-12-25T11:30:34 IST" name="setup" finished-at="2023-12-25T11:30:47 IST" duration-ms="12760" status="PASS">
          <reporter-output>
          </reporter-output>
        </test-method> <!-- setup -->
        <test-method signature="verifyregisterwithmandatoryfield()[pri:1, instance:com.opencart.qa.testcases.RegisterTest@409bf450]" started-at="2023-12-25T11:30:47 IST" name="verifyregisterwithmandatoryfield" finished-at="2023-12-25T11:30:49 IST" duration-ms="2336" status="PASS">
          <reporter-output>
          </reporter-output>
        </test-method> <!-- verifyregisterwithmandatoryfield -->
        <test-method is-config="true" signature="teardown()[pri:0, instance:com.opencart.qa.testcases.RegisterTest@409bf450]" started-at="2023-12-25T11:30:49 IST" name="teardown" finished-at="2023-12-25T11:30:50 IST" duration-ms="516" status="PASS">
          <reporter-output>
          </reporter-output>
        </test-method> <!-- teardown -->
        <test-method is-config="true" signature="setup()[pri:0, instance:com.opencart.qa.testcases.RegisterTest@409bf450]" started-at="2023-12-25T11:30:50 IST" name="setup" finished-at="2023-12-25T11:31:01 IST" duration-ms="11111" status="PASS">
          <reporter-output>
          </reporter-output>
        </test-method> <!-- setup -->
        <test-method signature="verifyregisterwithallfield()[pri:2, instance:com.opencart.qa.testcases.RegisterTest@409bf450]" started-at="2023-12-25T11:31:01 IST" name="verifyregisterwithallfield" finished-at="2023-12-25T11:31:03 IST" duration-ms="2114" status="PASS">
          <reporter-output>
          </reporter-output>
        </test-method> <!-- verifyregisterwithallfield -->
        <test-method is-config="true" signature="teardown()[pri:0, instance:com.opencart.qa.testcases.RegisterTest@409bf450]" started-at="2023-12-25T11:31:03 IST" name="teardown" finished-at="2023-12-25T11:31:04 IST" duration-ms="376" status="PASS">
          <reporter-output>
          </reporter-output>
        </test-method> <!-- teardown -->
        <test-method is-config="true" signature="setup()[pri:0, instance:com.opencart.qa.testcases.RegisterTest@409bf450]" started-at="2023-12-25T11:31:04 IST" name="setup" finished-at="2023-12-25T11:31:11 IST" duration-ms="7366" status="PASS">
          <reporter-output>
          </reporter-output>
        </test-method> <!-- setup -->
        <test-method signature="verifyregisterwithsameemail()[pri:3, instance:com.opencart.qa.testcases.RegisterTest@409bf450]" started-at="2023-12-25T11:31:11 IST" name="verifyregisterwithsameemail" finished-at="2023-12-25T11:31:13 IST" duration-ms="1675" status="PASS">
          <reporter-output>
          </reporter-output>
        </test-method> <!-- verifyregisterwithsameemail -->
        <test-method is-config="true" signature="teardown()[pri:0, instance:com.opencart.qa.testcases.RegisterTest@409bf450]" started-at="2023-12-25T11:31:13 IST" name="teardown" finished-at="2023-12-25T11:31:13 IST" duration-ms="299" status="PASS">
          <reporter-output>
          </reporter-output>
        </test-method> <!-- teardown -->
        <test-method is-config="true" signature="setup()[pri:0, instance:com.opencart.qa.testcases.RegisterTest@409bf450]" started-at="2023-12-25T11:31:13 IST" name="setup" finished-at="2023-12-25T11:31:21 IST" duration-ms="7950" status="PASS">
          <reporter-output>
          </reporter-output>
        </test-method> <!-- setup -->
        <test-method signature="verifyregisterwithoutdetails()[pri:4, instance:com.opencart.qa.testcases.RegisterTest@409bf450]" started-at="2023-12-25T11:31:21 IST" name="verifyregisterwithoutdetails" finished-at="2023-12-25T11:31:22 IST" duration-ms="826" status="PASS">
          <reporter-output>
          </reporter-output>
        </test-method> <!-- verifyregisterwithoutdetails -->
        <test-method is-config="true" signature="teardown()[pri:0, instance:com.opencart.qa.testcases.RegisterTest@409bf450]" started-at="2023-12-25T11:31:22 IST" name="teardown" finished-at="2023-12-25T11:31:22 IST" duration-ms="402" status="PASS">
          <reporter-output>
          </reporter-output>
        </test-method> <!-- teardown -->
      </class> <!-- com.opencart.qa.testcases.RegisterTest -->
      <class name="com.opencart.qa.testcases.SearchTest">
        <test-method is-config="true" signature="setup()[pri:0, instance:com.opencart.qa.testcases.SearchTest@3590fc5b]" started-at="2023-12-25T11:32:24 IST" name="setup" finished-at="2023-12-25T11:32:30 IST" duration-ms="5842" status="PASS">
          <reporter-output>
          </reporter-output>
        </test-method> <!-- setup -->
        <test-method signature="verifysearchwithvalidproduct()[pri:1, instance:com.opencart.qa.testcases.SearchTest@3590fc5b]" started-at="2023-12-25T11:32:30 IST" name="verifysearchwithvalidproduct" finished-at="2023-12-25T11:32:31 IST" duration-ms="1030" status="PASS">
          <reporter-output>
          </reporter-output>
        </test-method> <!-- verifysearchwithvalidproduct -->
        <test-method is-config="true" signature="teardown()[pri:0, instance:com.opencart.qa.testcases.SearchTest@3590fc5b]" started-at="2023-12-25T11:32:31 IST" name="teardown" finished-at="2023-12-25T11:32:31 IST" duration-ms="301" status="PASS">
          <reporter-output>
          </reporter-output>
        </test-method> <!-- teardown -->
        <test-method is-config="true" signature="setup()[pri:0, instance:com.opencart.qa.testcases.SearchTest@3590fc5b]" started-at="2023-12-25T11:32:31 IST" name="setup" finished-at="2023-12-25T11:32:38 IST" duration-ms="6329" status="PASS">
          <reporter-output>
          </reporter-output>
        </test-method> <!-- setup -->
        <test-method signature="verifysearchwithINvalidproduct()[pri:2, instance:com.opencart.qa.testcases.SearchTest@3590fc5b]" started-at="2023-12-25T11:32:38 IST" name="verifysearchwithINvalidproduct" finished-at="2023-12-25T11:32:39 IST" duration-ms="839" status="PASS">
          <reporter-output>
          </reporter-output>
        </test-method> <!-- verifysearchwithINvalidproduct -->
        <test-method is-config="true" signature="teardown()[pri:0, instance:com.opencart.qa.testcases.SearchTest@3590fc5b]" started-at="2023-12-25T11:32:39 IST" name="teardown" finished-at="2023-12-25T11:32:39 IST" duration-ms="346" status="PASS">
          <reporter-output>
          </reporter-output>
        </test-method> <!-- teardown -->
        <test-method is-config="true" signature="setup()[pri:0, instance:com.opencart.qa.testcases.SearchTest@3590fc5b]" started-at="2023-12-25T11:32:39 IST" name="setup" finished-at="2023-12-25T11:32:44 IST" duration-ms="4617" status="PASS">
          <reporter-output>
          </reporter-output>
        </test-method> <!-- setup -->
        <test-method signature="verifysearchwithoutanyproduct()[pri:3, instance:com.opencart.qa.testcases.SearchTest@3590fc5b]" started-at="2023-12-25T11:32:44 IST" name="verifysearchwithoutanyproduct" finished-at="2023-12-25T11:32:46 IST" duration-ms="2780" status="PASS">
          <reporter-output>
          </reporter-output>
        </test-method> <!-- verifysearchwithoutanyproduct -->
        <test-method is-config="true" signature="teardown()[pri:0, instance:com.opencart.qa.testcases.SearchTest@3590fc5b]" started-at="2023-12-25T11:32:46 IST" name="teardown" finished-at="2023-12-25T11:32:47 IST" duration-ms="349" status="PASS">
          <reporter-output>
          </reporter-output>
        </test-method> <!-- teardown -->
      </class> <!-- com.opencart.qa.testcases.SearchTest -->
      <class name="com.opencart.qa.testcases.LoginTest">
        <test-method is-config="true" signature="setup()[pri:0, instance:com.opencart.qa.testcases.LoginTest@41d477ed]" started-at="2023-12-25T11:31:24 IST" name="setup" finished-at="2023-12-25T11:31:32 IST" duration-ms="8624" status="PASS">
          <reporter-output>
          </reporter-output>
        </test-method> <!-- setup -->
        <test-method signature="verifylogin(java.lang.String,java.lang.String)[pri:1, instance:com.opencart.qa.testcases.LoginTest@41d477ed]" started-at="2023-12-25T11:31:32 IST" name="verifylogin" data-provider="exceldata" finished-at="2023-12-25T11:31:34 IST" duration-ms="1419" status="PASS">
          <params>
            <param index="0">
              <value>
                <![CDATA[aay94996@omeie.com]]>
              </value>
            </param>
            <param index="1">
              <value>
                <![CDATA[Qwerty@54321]]>
              </value>
            </param>
          </params>
          <reporter-output>
          </reporter-output>
        </test-method> <!-- verifylogin -->
        <test-method is-config="true" signature="teardown()[pri:0, instance:com.opencart.qa.testcases.LoginTest@41d477ed]" started-at="2023-12-25T11:31:34 IST" name="teardown" finished-at="2023-12-25T11:31:34 IST" duration-ms="483" status="PASS">
          <reporter-output>
          </reporter-output>
        </test-method> <!-- teardown -->
        <test-method is-config="true" signature="setup()[pri:0, instance:com.opencart.qa.testcases.LoginTest@41d477ed]" started-at="2023-12-25T11:31:34 IST" name="setup" finished-at="2023-12-25T11:31:41 IST" duration-ms="6872" status="PASS">
          <reporter-output>
          </reporter-output>
        </test-method> <!-- setup -->
        <test-method signature="verifylogin(java.lang.String,java.lang.String)[pri:1, instance:com.opencart.qa.testcases.LoginTest@41d477ed]" started-at="2023-12-25T11:31:41 IST" name="verifylogin" data-provider="exceldata" finished-at="2023-12-25T11:31:42 IST" duration-ms="1204" status="PASS">
          <params>
            <param index="0">
              <value>
                <![CDATA[eyg65748@nezid.com]]>
              </value>
            </param>
            <param index="1">
              <value>
                <![CDATA[Pass@54321]]>
              </value>
            </param>
          </params>
          <reporter-output>
          </reporter-output>
        </test-method> <!-- verifylogin -->
        <test-method is-config="true" signature="teardown()[pri:0, instance:com.opencart.qa.testcases.LoginTest@41d477ed]" started-at="2023-12-25T11:31:42 IST" name="teardown" finished-at="2023-12-25T11:31:43 IST" duration-ms="330" status="PASS">
          <reporter-output>
          </reporter-output>
        </test-method> <!-- teardown -->
        <test-method is-config="true" signature="setup()[pri:0, instance:com.opencart.qa.testcases.LoginTest@41d477ed]" started-at="2023-12-25T11:31:43 IST" name="setup" finished-at="2023-12-25T11:31:50 IST" duration-ms="7130" status="PASS">
          <reporter-output>
          </reporter-output>
        </test-method> <!-- setup -->
        <test-method signature="verifylogin(java.lang.String,java.lang.String)[pri:1, instance:com.opencart.qa.testcases.LoginTest@41d477ed]" started-at="2023-12-25T11:31:50 IST" name="verifylogin" data-provider="exceldata" finished-at="2023-12-25T11:31:51 IST" duration-ms="1189" status="PASS">
          <params>
            <param index="0">
              <value>
                <![CDATA[geyifap977@newnime.com]]>
              </value>
            </param>
            <param index="1">
              <value>
                <![CDATA[Poiuy@54321]]>
              </value>
            </param>
          </params>
          <reporter-output>
          </reporter-output>
        </test-method> <!-- verifylogin -->
        <test-method is-config="true" signature="teardown()[pri:0, instance:com.opencart.qa.testcases.LoginTest@41d477ed]" started-at="2023-12-25T11:31:51 IST" name="teardown" finished-at="2023-12-25T11:31:51 IST" duration-ms="367" status="PASS">
          <reporter-output>
          </reporter-output>
        </test-method> <!-- teardown -->
        <test-method is-config="true" signature="setup()[pri:0, instance:com.opencart.qa.testcases.LoginTest@41d477ed]" started-at="2023-12-25T11:31:51 IST" name="setup" finished-at="2023-12-25T11:31:58 IST" duration-ms="6526" status="PASS">
          <reporter-output>
          </reporter-output>
        </test-method> <!-- setup -->
        <test-method signature="verifyloginwithinvalid()[pri:2, instance:com.opencart.qa.testcases.LoginTest@41d477ed]" started-at="2023-12-25T11:31:58 IST" name="verifyloginwithinvalid" finished-at="2023-12-25T11:31:59 IST" duration-ms="998" status="PASS">
          <reporter-output>
          </reporter-output>
        </test-method> <!-- verifyloginwithinvalid -->
        <test-method is-config="true" signature="teardown()[pri:0, instance:com.opencart.qa.testcases.LoginTest@41d477ed]" started-at="2023-12-25T11:31:59 IST" name="teardown" finished-at="2023-12-25T11:31:59 IST" duration-ms="336" status="PASS">
          <reporter-output>
          </reporter-output>
        </test-method> <!-- teardown -->
        <test-method is-config="true" signature="setup()[pri:0, instance:com.opencart.qa.testcases.LoginTest@41d477ed]" started-at="2023-12-25T11:31:59 IST" name="setup" finished-at="2023-12-25T11:32:06 IST" duration-ms="6641" status="PASS">
          <reporter-output>
          </reporter-output>
        </test-method> <!-- setup -->
        <test-method signature="verifyloginwithinvalidemaiandvalidpass()[pri:3, instance:com.opencart.qa.testcases.LoginTest@41d477ed]" started-at="2023-12-25T11:32:06 IST" name="verifyloginwithinvalidemaiandvalidpass" finished-at="2023-12-25T11:32:07 IST" duration-ms="1451" status="PASS">
          <reporter-output>
          </reporter-output>
        </test-method> <!-- verifyloginwithinvalidemaiandvalidpass -->
        <test-method is-config="true" signature="teardown()[pri:0, instance:com.opencart.qa.testcases.LoginTest@41d477ed]" started-at="2023-12-25T11:32:07 IST" name="teardown" finished-at="2023-12-25T11:32:08 IST" duration-ms="367" status="PASS">
          <reporter-output>
          </reporter-output>
        </test-method> <!-- teardown -->
        <test-method is-config="true" signature="setup()[pri:0, instance:com.opencart.qa.testcases.LoginTest@41d477ed]" started-at="2023-12-25T11:32:08 IST" name="setup" finished-at="2023-12-25T11:32:15 IST" duration-ms="6877" status="PASS">
          <reporter-output>
          </reporter-output>
        </test-method> <!-- setup -->
        <test-method signature="verifylofinwithvalidemaiandinvalidpass()[pri:4, instance:com.opencart.qa.testcases.LoginTest@41d477ed]" started-at="2023-12-25T11:32:15 IST" name="verifylofinwithvalidemaiandinvalidpass" finished-at="2023-12-25T11:32:16 IST" duration-ms="1063" status="PASS">
          <reporter-output>
          </reporter-output>
        </test-method> <!-- verifylofinwithvalidemaiandinvalidpass -->
        <test-method is-config="true" signature="teardown()[pri:0, instance:com.opencart.qa.testcases.LoginTest@41d477ed]" started-at="2023-12-25T11:32:16 IST" name="teardown" finished-at="2023-12-25T11:32:16 IST" duration-ms="359" status="PASS">
          <reporter-output>
          </reporter-output>
        </test-method> <!-- teardown -->
        <test-method is-config="true" signature="setup()[pri:0, instance:com.opencart.qa.testcases.LoginTest@41d477ed]" started-at="2023-12-25T11:32:16 IST" name="setup" finished-at="2023-12-25T11:32:23 IST" duration-ms="7245" status="PASS">
          <reporter-output>
          </reporter-output>
        </test-method> <!-- setup -->
        <test-method signature="verifylofinwithoutcredentials()[pri:5, instance:com.opencart.qa.testcases.LoginTest@41d477ed]" started-at="2023-12-25T11:32:23 IST" name="verifylofinwithoutcredentials" finished-at="2023-12-25T11:32:24 IST" duration-ms="639" status="PASS">
          <reporter-output>
          </reporter-output>
        </test-method> <!-- verifylofinwithoutcredentials -->
        <test-method is-config="true" signature="teardown()[pri:0, instance:com.opencart.qa.testcases.LoginTest@41d477ed]" started-at="2023-12-25T11:32:24 IST" name="teardown" finished-at="2023-12-25T11:32:24 IST" duration-ms="320" status="PASS">
          <reporter-output>
          </reporter-output>
        </test-method> <!-- teardown -->
      </class> <!-- com.opencart.qa.testcases.LoginTest -->
    </test> <!-- Test -->
  </suite> <!-- Suite -->
</testng-results>
